<?xml version="1.0" encoding="UTF-8"?>
<coverage generated="1545003227979" clover="3.2.0">
  <project timestamp="1545003227980" name="All files">
    <metrics statements="245" coveredstatements="138" conditionals="48" coveredconditionals="17" methods="36" coveredmethods="15" elements="329" coveredelements="170" complexity="0" loc="245" ncloc="245" packages="4" files="11" classes="11">
      <package name="jubilant-pancake">
        <metrics statements="31" coveredstatements="27" conditionals="10" coveredconditionals="7" methods="2" coveredmethods="1"/>
        <file name="app.js" path="/Users/lindadaignault/Desktop/jubilant-pancake/app.js">
          <metrics statements="19" coveredstatements="16" conditionals="2" coveredconditionals="2" methods="2" coveredmethods="1"/>
          <line num="3" count="1" type="stmt"/>
          <line num="4" count="1" type="stmt"/>
          <line num="5" count="1" type="stmt"/>
          <line num="9" count="1" type="stmt"/>
          <line num="10" count="1" type="stmt"/>
          <line num="12" count="1" type="stmt"/>
          <line num="13" count="1" type="stmt"/>
          <line num="14" count="1" type="stmt"/>
          <line num="17" count="1" type="stmt"/>
          <line num="18" count="1" type="stmt"/>
          <line num="19" count="1" type="stmt"/>
          <line num="24" count="1" type="stmt"/>
          <line num="25" count="0" type="stmt"/>
          <line num="26" count="0" type="stmt"/>
          <line num="29" count="0" type="stmt"/>
          <line num="34" count="1" type="stmt"/>
          <line num="35" count="4" type="cond" truecount="2" falsecount="0"/>
          <line num="37" count="4" type="stmt"/>
          <line num="43" count="1" type="stmt"/>
        </file>
        <file name="config.js" path="/Users/lindadaignault/Desktop/jubilant-pancake/config.js">
          <metrics statements="7" coveredstatements="6" conditionals="8" coveredconditionals="5" methods="0" coveredmethods="0"/>
          <line num="3" count="1" type="stmt"/>
          <line num="5" count="1" type="cond" truecount="2" falsecount="0"/>
          <line num="7" count="1" type="cond" truecount="2" falsecount="0"/>
          <line num="17" count="1" type="cond" truecount="1" falsecount="1"/>
          <line num="18" count="1" type="stmt"/>
          <line num="20" count="0" type="cond" truecount="0" falsecount="2"/>
          <line num="23" count="1" type="stmt"/>
        </file>
        <file name="db.js" path="/Users/lindadaignault/Desktop/jubilant-pancake/db.js">
          <metrics statements="5" coveredstatements="5" conditionals="0" coveredconditionals="0" methods="0" coveredmethods="0"/>
          <line num="4" count="1" type="stmt"/>
          <line num="5" count="1" type="stmt"/>
          <line num="7" count="1" type="stmt"/>
          <line num="11" count="1" type="stmt"/>
          <line num="14" count="1" type="stmt"/>
        </file>
      </package>
      <package name="jubilant-pancake.helpers">
        <metrics statements="21" coveredstatements="20" conditionals="4" coveredconditionals="3" methods="4" coveredmethods="4"/>
        <file name="partialUpdate.js" path="/Users/lindadaignault/Desktop/jubilant-pancake/helpers/partialUpdate.js">
          <metrics statements="14" coveredstatements="13" conditionals="2" coveredconditionals="1" methods="1" coveredmethods="1"/>
          <line num="25" count="2" type="stmt"/>
          <line num="26" count="2" type="stmt"/>
          <line num="29" count="2" type="stmt"/>
          <line num="30" count="2" type="cond" truecount="1" falsecount="1"/>
          <line num="31" count="0" type="stmt"/>
          <line num="35" count="2" type="stmt"/>
          <line num="36" count="2" type="stmt"/>
          <line num="37" count="2" type="stmt"/>
          <line num="41" count="2" type="stmt"/>
          <line num="42" count="2" type="stmt"/>
          <line num="44" count="2" type="stmt"/>
          <line num="45" count="2" type="stmt"/>
          <line num="47" count="2" type="stmt"/>
          <line num="50" count="1" type="stmt"/>
        </file>
        <file name="validateJsonSchema.js" path="/Users/lindadaignault/Desktop/jubilant-pancake/helpers/validateJsonSchema.js">
          <metrics statements="7" coveredstatements="7" conditionals="2" coveredconditionals="2" methods="3" coveredmethods="3"/>
          <line num="1" count="1" type="stmt"/>
          <line num="4" count="6" type="stmt"/>
          <line num="5" count="4" type="stmt"/>
          <line num="7" count="4" type="cond" truecount="2" falsecount="0"/>
          <line num="8" count="1" type="stmt"/>
          <line num="11" count="3" type="stmt"/>
          <line num="15" count="1" type="stmt"/>
        </file>
      </package>
      <package name="jubilant-pancake.models">
        <metrics statements="95" coveredstatements="37" conditionals="34" coveredconditionals="7" methods="15" coveredmethods="5"/>
        <file name="company.js" path="/Users/lindadaignault/Desktop/jubilant-pancake/models/company.js">
          <metrics statements="35" coveredstatements="3" conditionals="14" coveredconditionals="0" methods="5" coveredmethods="0"/>
          <line num="1" count="1" type="stmt"/>
          <line num="2" count="1" type="stmt"/>
          <line num="7" count="0" type="cond" truecount="0" falsecount="2"/>
          <line num="8" count="0" type="stmt"/>
          <line num="9" count="0" type="stmt"/>
          <line num="10" count="0" type="stmt"/>
          <line num="13" count="0" type="cond" truecount="0" falsecount="2"/>
          <line num="14" count="0" type="cond" truecount="0" falsecount="2"/>
          <line num="15" count="0" type="cond" truecount="0" falsecount="2"/>
          <line num="17" count="0" type="stmt"/>
          <line num="27" count="0" type="stmt"/>
          <line num="32" count="0" type="stmt"/>
          <line num="34" count="0" type="stmt"/>
          <line num="39" count="0" type="stmt"/>
          <line num="44" count="0" type="stmt"/>
          <line num="51" count="0" type="stmt"/>
          <line num="58" count="0" type="cond" truecount="0" falsecount="2"/>
          <line num="59" count="0" type="stmt"/>
          <line num="62" count="0" type="stmt"/>
          <line num="63" count="0" type="stmt"/>
          <line num="67" count="0" type="stmt"/>
          <line num="75" count="0" type="stmt"/>
          <line num="77" count="0" type="stmt"/>
          <line num="79" count="0" type="cond" truecount="0" falsecount="2"/>
          <line num="80" count="0" type="stmt"/>
          <line num="83" count="0" type="stmt"/>
          <line num="84" count="0" type="stmt"/>
          <line num="87" count="0" type="stmt"/>
          <line num="92" count="0" type="stmt"/>
          <line num="97" count="0" type="cond" truecount="0" falsecount="2"/>
          <line num="98" count="0" type="stmt"/>
          <line num="101" count="0" type="stmt"/>
          <line num="102" count="0" type="stmt"/>
          <line num="105" count="0" type="stmt"/>
          <line num="109" count="1" type="stmt"/>
        </file>
        <file name="job.js" path="/Users/lindadaignault/Desktop/jubilant-pancake/models/job.js">
          <metrics statements="29" coveredstatements="3" conditionals="12" coveredconditionals="0" methods="5" coveredmethods="0"/>
          <line num="1" count="1" type="stmt"/>
          <line num="2" count="1" type="stmt"/>
          <line num="11" count="0" type="cond" truecount="0" falsecount="2"/>
          <line num="12" count="0" type="cond" truecount="0" falsecount="2"/>
          <line num="13" count="0" type="cond" truecount="0" falsecount="2"/>
          <line num="15" count="0" type="stmt"/>
          <line num="27" count="0" type="stmt"/>
          <line num="34" count="0" type="stmt"/>
          <line num="41" count="0" type="stmt"/>
          <line num="48" count="0" type="stmt"/>
          <line num="55" count="0" type="cond" truecount="0" falsecount="2"/>
          <line num="56" count="0" type="stmt"/>
          <line num="59" count="0" type="stmt"/>
          <line num="60" count="0" type="stmt"/>
          <line num="63" count="0" type="stmt"/>
          <line num="71" count="0" type="stmt"/>
          <line num="73" count="0" type="stmt"/>
          <line num="75" count="0" type="cond" truecount="0" falsecount="2"/>
          <line num="76" count="0" type="stmt"/>
          <line num="79" count="0" type="stmt"/>
          <line num="80" count="0" type="stmt"/>
          <line num="83" count="0" type="stmt"/>
          <line num="88" count="0" type="stmt"/>
          <line num="93" count="0" type="cond" truecount="0" falsecount="2"/>
          <line num="94" count="0" type="stmt"/>
          <line num="97" count="0" type="stmt"/>
          <line num="98" count="0" type="stmt"/>
          <line num="101" count="0" type="stmt"/>
          <line num="107" count="1" type="stmt"/>
        </file>
        <file name="user.js" path="/Users/lindadaignault/Desktop/jubilant-pancake/models/user.js">
          <metrics statements="31" coveredstatements="31" conditionals="8" coveredconditionals="7" methods="5" coveredmethods="5"/>
          <line num="1" count="1" type="stmt"/>
          <line num="2" count="1" type="stmt"/>
          <line num="3" count="1" type="stmt"/>
          <line num="13" count="1" type="cond" truecount="1" falsecount="1"/>
          <line num="15" count="1" type="stmt"/>
          <line num="16" count="1" type="stmt"/>
          <line num="22" count="1" type="stmt"/>
          <line num="23" count="1" type="stmt"/>
          <line num="29" count="1" type="stmt"/>
          <line num="33" count="1" type="stmt"/>
          <line num="39" count="2" type="stmt"/>
          <line num="46" count="2" type="cond" truecount="2" falsecount="0"/>
          <line num="47" count="1" type="stmt"/>
          <line num="50" count="1" type="stmt"/>
          <line num="51" count="1" type="stmt"/>
          <line num="54" count="1" type="stmt"/>
          <line num="61" count="2" type="stmt"/>
          <line num="62" count="2" type="stmt"/>
          <line num="64" count="2" type="stmt"/>
          <line num="65" count="2" type="cond" truecount="2" falsecount="0"/>
          <line num="66" count="1" type="stmt"/>
          <line num="69" count="1" type="stmt"/>
          <line num="70" count="1" type="stmt"/>
          <line num="73" count="1" type="stmt"/>
          <line num="80" count="2" type="stmt"/>
          <line num="85" count="2" type="cond" truecount="2" falsecount="0"/>
          <line num="86" count="1" type="stmt"/>
          <line num="89" count="1" type="stmt"/>
          <line num="90" count="1" type="stmt"/>
          <line num="93" count="1" type="stmt"/>
          <line num="98" count="1" type="stmt"/>
        </file>
      </package>
      <package name="jubilant-pancake.routes">
        <metrics statements="98" coveredstatements="54" conditionals="0" coveredconditionals="0" methods="15" coveredmethods="5"/>
        <file name="companies.js" path="/Users/lindadaignault/Desktop/jubilant-pancake/routes/companies.js">
          <metrics statements="34" coveredstatements="12" conditionals="0" coveredconditionals="0" methods="5" coveredmethods="0"/>
          <line num="1" count="1" type="stmt"/>
          <line num="2" count="1" type="stmt"/>
          <line num="3" count="1" type="stmt"/>
          <line num="4" count="1" type="stmt"/>
          <line num="5" count="1" type="stmt"/>
          <line num="6" count="1" type="stmt"/>
          <line num="10" count="1" type="stmt"/>
          <line num="11" count="0" type="stmt"/>
          <line num="12" count="0" type="stmt"/>
          <line num="14" count="0" type="stmt"/>
          <line num="20" count="0" type="stmt"/>
          <line num="22" count="0" type="stmt"/>
          <line num="26" count="1" type="stmt"/>
          <line num="27" count="0" type="stmt"/>
          <line num="28" count="0" type="stmt"/>
          <line num="29" count="0" type="stmt"/>
          <line num="31" count="0" type="stmt"/>
          <line num="33" count="0" type="stmt"/>
          <line num="39" count="1" type="stmt"/>
          <line num="40" count="0" type="stmt"/>
          <line num="41" count="0" type="stmt"/>
          <line num="42" count="0" type="stmt"/>
          <line num="44" count="0" type="stmt"/>
          <line num="50" count="1" type="stmt"/>
          <line num="51" count="0" type="stmt"/>
          <line num="52" count="0" type="stmt"/>
          <line num="53" count="0" type="stmt"/>
          <line num="55" count="0" type="stmt"/>
          <line num="61" count="1" type="stmt"/>
          <line num="62" count="0" type="stmt"/>
          <line num="63" count="0" type="stmt"/>
          <line num="65" count="0" type="stmt"/>
          <line num="67" count="0" type="stmt"/>
          <line num="73" count="1" type="stmt"/>
        </file>
        <file name="jobs.js" path="/Users/lindadaignault/Desktop/jubilant-pancake/routes/jobs.js">
          <metrics statements="32" coveredstatements="12" conditionals="0" coveredconditionals="0" methods="5" coveredmethods="0"/>
          <line num="1" count="1" type="stmt"/>
          <line num="2" count="1" type="stmt"/>
          <line num="3" count="1" type="stmt"/>
          <line num="4" count="1" type="stmt"/>
          <line num="5" count="1" type="stmt"/>
          <line num="6" count="1" type="stmt"/>
          <line num="11" count="1" type="stmt"/>
          <line num="12" count="0" type="stmt"/>
          <line num="13" count="0" type="stmt"/>
          <line num="14" count="0" type="stmt"/>
          <line num="16" count="0" type="stmt"/>
          <line num="22" count="1" type="stmt"/>
          <line num="23" count="0" type="stmt"/>
          <line num="24" count="0" type="stmt"/>
          <line num="25" count="0" type="stmt"/>
          <line num="27" count="0" type="stmt"/>
          <line num="33" count="1" type="stmt"/>
          <line num="34" count="0" type="stmt"/>
          <line num="35" count="0" type="stmt"/>
          <line num="36" count="0" type="stmt"/>
          <line num="38" count="0" type="stmt"/>
          <line num="44" count="1" type="stmt"/>
          <line num="45" count="0" type="stmt"/>
          <line num="46" count="0" type="stmt"/>
          <line num="47" count="0" type="stmt"/>
          <line num="49" count="0" type="stmt"/>
          <line num="55" count="1" type="stmt"/>
          <line num="56" count="0" type="stmt"/>
          <line num="57" count="0" type="stmt"/>
          <line num="58" count="0" type="stmt"/>
          <line num="60" count="0" type="stmt"/>
          <line num="65" count="1" type="stmt"/>
        </file>
        <file name="users.js" path="/Users/lindadaignault/Desktop/jubilant-pancake/routes/users.js">
          <metrics statements="32" coveredstatements="30" conditionals="0" coveredconditionals="0" methods="5" coveredmethods="5"/>
          <line num="1" count="1" type="stmt"/>
          <line num="2" count="1" type="stmt"/>
          <line num="3" count="1" type="stmt"/>
          <line num="4" count="1" type="stmt"/>
          <line num="5" count="1" type="stmt"/>
          <line num="6" count="1" type="stmt"/>
          <line num="11" count="1" type="stmt"/>
          <line num="12" count="1" type="stmt"/>
          <line num="13" count="1" type="stmt"/>
          <line num="14" count="1" type="stmt"/>
          <line num="16" count="0" type="stmt"/>
          <line num="22" count="1" type="stmt"/>
          <line num="23" count="2" type="stmt"/>
          <line num="24" count="2" type="stmt"/>
          <line num="25" count="1" type="stmt"/>
          <line num="27" count="1" type="stmt"/>
          <line num="33" count="1" type="stmt"/>
          <line num="34" count="1" type="stmt"/>
          <line num="35" count="1" type="stmt"/>
          <line num="36" count="1" type="stmt"/>
          <line num="38" count="0" type="stmt"/>
          <line num="44" count="1" type="stmt"/>
          <line num="45" count="2" type="stmt"/>
          <line num="46" count="2" type="stmt"/>
          <line num="47" count="1" type="stmt"/>
          <line num="49" count="1" type="stmt"/>
          <line num="55" count="1" type="stmt"/>
          <line num="56" count="2" type="stmt"/>
          <line num="59" count="2" type="stmt"/>
          <line num="60" count="1" type="stmt"/>
          <line num="62" count="1" type="stmt"/>
          <line num="70" count="1" type="stmt"/>
        </file>
      </package>
    </metrics>
  </project>
</coverage>
