{"/Users/lindadaignault/Desktop/jubilant-pancake/app.js": {"path":"/Users/lindadaignault/Desktop/jubilant-pancake/app.js","statementMap":{"0":{"start":{"line":3,"column":16},"end":{"line":3,"column":34}},"1":{"start":{"line":4,"column":12},"end":{"line":4,"column":21}},"2":{"start":{"line":5,"column":0},"end":{"line":5,"column":24}},"3":{"start":{"line":9,"column":15},"end":{"line":9,"column":32}},"4":{"start":{"line":10,"column":0},"end":{"line":10,"column":24}},"5":{"start":{"line":12,"column":22},"end":{"line":12,"column":51}},"6":{"start":{"line":13,"column":18},"end":{"line":13,"column":42}},"7":{"start":{"line":14,"column":19},"end":{"line":14,"column":44}},"8":{"start":{"line":17,"column":0},"end":{"line":17,"column":37}},"9":{"start":{"line":18,"column":0},"end":{"line":18,"column":28}},"10":{"start":{"line":19,"column":0},"end":{"line":19,"column":30}},"11":{"start":{"line":24,"column":0},"end":{"line":30,"column":3}},"12":{"start":{"line":25,"column":14},"end":{"line":25,"column":36}},"13":{"start":{"line":26,"column":2},"end":{"line":26,"column":19}},"14":{"start":{"line":29,"column":2},"end":{"line":29,"column":19}},"15":{"start":{"line":34,"column":0},"end":{"line":41,"column":3}},"16":{"start":{"line":35,"column":2},"end":{"line":35,"column":32}},"17":{"start":{"line":37,"column":2},"end":{"line":40,"column":5}},"18":{"start":{"line":43,"column":0},"end":{"line":43,"column":21}}},"fnMap":{"0":{"name":"(anonymous_0)","decl":{"start":{"line":24,"column":8},"end":{"line":24,"column":9}},"loc":{"start":{"line":24,"column":34},"end":{"line":30,"column":1}},"line":24},"1":{"name":"(anonymous_1)","decl":{"start":{"line":34,"column":8},"end":{"line":34,"column":9}},"loc":{"start":{"line":34,"column":39},"end":{"line":41,"column":1}},"line":34}},"branchMap":{"0":{"loc":{"start":{"line":35,"column":13},"end":{"line":35,"column":30}},"type":"binary-expr","locations":[{"start":{"line":35,"column":13},"end":{"line":35,"column":23}},{"start":{"line":35,"column":27},"end":{"line":35,"column":30}}],"line":35}},"s":{"0":1,"1":1,"2":1,"3":1,"4":1,"5":1,"6":1,"7":1,"8":1,"9":1,"10":1,"11":1,"12":0,"13":0,"14":0,"15":1,"16":4,"17":4,"18":1},"f":{"0":0,"1":4},"b":{"0":[4,1]},"_coverageSchema":"332fd63041d2c1bcb487cc26dd0d5f7d97098a6c","hash":"de525aedc5e2bd6e9c49e03975235d90c2627268"}
,"/Users/lindadaignault/Desktop/jubilant-pancake/config.js": {"path":"/Users/lindadaignault/Desktop/jubilant-pancake/config.js","statementMap":{"0":{"start":{"line":3,"column":0},"end":{"line":3,"column":27}},"1":{"start":{"line":5,"column":15},"end":{"line":5,"column":47}},"2":{"start":{"line":7,"column":13},"end":{"line":7,"column":38}},"3":{"start":{"line":17,"column":0},"end":{"line":21,"column":1}},"4":{"start":{"line":18,"column":2},"end":{"line":18,"column":24}},"5":{"start":{"line":20,"column":2},"end":{"line":20,"column":47}},"6":{"start":{"line":23,"column":0},"end":{"line":27,"column":2}}},"fnMap":{},"branchMap":{"0":{"loc":{"start":{"line":5,"column":15},"end":{"line":5,"column":47}},"type":"binary-expr","locations":[{"start":{"line":5,"column":15},"end":{"line":5,"column":37}},{"start":{"line":5,"column":41},"end":{"line":5,"column":47}}],"line":5},"1":{"loc":{"start":{"line":7,"column":13},"end":{"line":7,"column":38}},"type":"binary-expr","locations":[{"start":{"line":7,"column":13},"end":{"line":7,"column":30}},{"start":{"line":7,"column":34},"end":{"line":7,"column":38}}],"line":7},"2":{"loc":{"start":{"line":17,"column":0},"end":{"line":21,"column":1}},"type":"if","locations":[{"start":{"line":17,"column":0},"end":{"line":21,"column":1}},{"start":{"line":17,"column":0},"end":{"line":21,"column":1}}],"line":17},"3":{"loc":{"start":{"line":20,"column":11},"end":{"line":20,"column":46}},"type":"binary-expr","locations":[{"start":{"line":20,"column":11},"end":{"line":20,"column":35}},{"start":{"line":20,"column":39},"end":{"line":20,"column":46}}],"line":20}},"s":{"0":1,"1":1,"2":1,"3":1,"4":1,"5":0,"6":1},"f":{},"b":{"0":[1,1],"1":[1,1],"2":[1,0],"3":[0,0]},"_coverageSchema":"332fd63041d2c1bcb487cc26dd0d5f7d97098a6c","hash":"b9615fdf5d7c65ffac0987de00aabdc681f55ec5"}
,"/Users/lindadaignault/Desktop/jubilant-pancake/db.js": {"path":"/Users/lindadaignault/Desktop/jubilant-pancake/db.js","statementMap":{"0":{"start":{"line":4,"column":19},"end":{"line":4,"column":32}},"1":{"start":{"line":5,"column":19},"end":{"line":5,"column":38}},"2":{"start":{"line":7,"column":15},"end":{"line":9,"column":2}},"3":{"start":{"line":11,"column":0},"end":{"line":11,"column":17}},"4":{"start":{"line":14,"column":0},"end":{"line":14,"column":24}}},"fnMap":{},"branchMap":{},"s":{"0":1,"1":1,"2":1,"3":1,"4":1},"f":{},"b":{},"_coverageSchema":"332fd63041d2c1bcb487cc26dd0d5f7d97098a6c","hash":"825aa3b32c8f6615e206556572abd6da8493f1ad"}
,"/Users/lindadaignault/Desktop/jubilant-pancake/helpers/partialUpdate.js": {"path":"/Users/lindadaignault/Desktop/jubilant-pancake/helpers/partialUpdate.js","statementMap":{"0":{"start":{"line":25,"column":12},"end":{"line":25,"column":13}},"1":{"start":{"line":26,"column":16},"end":{"line":26,"column":18}},"2":{"start":{"line":29,"column":2},"end":{"line":33,"column":3}},"3":{"start":{"line":30,"column":4},"end":{"line":32,"column":5}},"4":{"start":{"line":31,"column":6},"end":{"line":31,"column":24}},"5":{"start":{"line":35,"column":2},"end":{"line":38,"column":3}},"6":{"start":{"line":36,"column":4},"end":{"line":36,"column":38}},"7":{"start":{"line":37,"column":4},"end":{"line":37,"column":13}},"8":{"start":{"line":41,"column":13},"end":{"line":41,"column":31}},"9":{"start":{"line":42,"column":14},"end":{"line":42,"column":76}},"10":{"start":{"line":44,"column":15},"end":{"line":44,"column":35}},"11":{"start":{"line":45,"column":2},"end":{"line":45,"column":18}},"12":{"start":{"line":47,"column":2},"end":{"line":47,"column":27}},"13":{"start":{"line":50,"column":0},"end":{"line":50,"column":37}}},"fnMap":{"0":{"name":"sqlForPartialUpdate","decl":{"start":{"line":20,"column":9},"end":{"line":20,"column":28}},"loc":{"start":{"line":20,"column":52},"end":{"line":48,"column":1}},"line":20}},"branchMap":{"0":{"loc":{"start":{"line":30,"column":4},"end":{"line":32,"column":5}},"type":"if","locations":[{"start":{"line":30,"column":4},"end":{"line":32,"column":5}},{"start":{"line":30,"column":4},"end":{"line":32,"column":5}}],"line":30}},"s":{"0":2,"1":2,"2":2,"3":2,"4":0,"5":2,"6":2,"7":2,"8":2,"9":2,"10":2,"11":2,"12":2,"13":1},"f":{"0":2},"b":{"0":[0,2]},"_coverageSchema":"332fd63041d2c1bcb487cc26dd0d5f7d97098a6c","hash":"09d8ee3a1c627887d665741c43db5abf1b7b8b16"}
,"/Users/lindadaignault/Desktop/jubilant-pancake/helpers/validateJsonSchema.js": {"path":"/Users/lindadaignault/Desktop/jubilant-pancake/helpers/validateJsonSchema.js","statementMap":{"0":{"start":{"line":1,"column":21},"end":{"line":1,"column":42}},"1":{"start":{"line":4,"column":2},"end":{"line":12,"column":4}},"2":{"start":{"line":5,"column":19},"end":{"line":5,"column":49}},"3":{"start":{"line":7,"column":4},"end":{"line":9,"column":5}},"4":{"start":{"line":8,"column":6},"end":{"line":8,"column":59}},"5":{"start":{"line":8,"column":45},"end":{"line":8,"column":56}},"6":{"start":{"line":11,"column":4},"end":{"line":11,"column":18}},"7":{"start":{"line":15,"column":0},"end":{"line":15,"column":36}}},"fnMap":{"0":{"name":"validateJsonSchema","decl":{"start":{"line":3,"column":9},"end":{"line":3,"column":27}},"loc":{"start":{"line":3,"column":40},"end":{"line":13,"column":1}},"line":3},"1":{"name":"(anonymous_1)","decl":{"start":{"line":4,"column":9},"end":{"line":4,"column":10}},"loc":{"start":{"line":4,"column":34},"end":{"line":12,"column":3}},"line":4},"2":{"name":"(anonymous_2)","decl":{"start":{"line":8,"column":36},"end":{"line":8,"column":37}},"loc":{"start":{"line":8,"column":45},"end":{"line":8,"column":56}},"line":8}},"branchMap":{"0":{"loc":{"start":{"line":7,"column":4},"end":{"line":9,"column":5}},"type":"if","locations":[{"start":{"line":7,"column":4},"end":{"line":9,"column":5}},{"start":{"line":7,"column":4},"end":{"line":9,"column":5}}],"line":7}},"s":{"0":1,"1":6,"2":4,"3":4,"4":1,"5":1,"6":3,"7":1},"f":{"0":6,"1":4,"2":1},"b":{"0":[1,3]},"_coverageSchema":"332fd63041d2c1bcb487cc26dd0d5f7d97098a6c","hash":"16a3b15ce408660fd9e164a4caaf73e90df5a09b"}
,"/Users/lindadaignault/Desktop/jubilant-pancake/models/company.js": {"path":"/Users/lindadaignault/Desktop/jubilant-pancake/models/company.js","statementMap":{"0":{"start":{"line":1,"column":11},"end":{"line":1,"column":27}},"1":{"start":{"line":2,"column":22},"end":{"line":2,"column":57}},"2":{"start":{"line":7,"column":4},"end":{"line":11,"column":5}},"3":{"start":{"line":8,"column":16},"end":{"line":8,"column":49}},"4":{"start":{"line":9,"column":6},"end":{"line":9,"column":23}},"5":{"start":{"line":10,"column":6},"end":{"line":10,"column":16}},"6":{"start":{"line":13,"column":4},"end":{"line":13,"column":69}},"7":{"start":{"line":14,"column":4},"end":{"line":14,"column":78}},"8":{"start":{"line":15,"column":4},"end":{"line":15,"column":57}},"9":{"start":{"line":17,"column":19},"end":{"line":25,"column":5}},"10":{"start":{"line":27,"column":4},"end":{"line":27,"column":38}},"11":{"start":{"line":32,"column":67},"end":{"line":32,"column":78}},"12":{"start":{"line":34,"column":19},"end":{"line":38,"column":5}},"13":{"start":{"line":39,"column":4},"end":{"line":39,"column":39}},"14":{"start":{"line":44,"column":23},"end":{"line":49,"column":5}},"15":{"start":{"line":51,"column":19},"end":{"line":56,"column":5}},"16":{"start":{"line":58,"column":4},"end":{"line":64,"column":5}},"17":{"start":{"line":59,"column":26},"end":{"line":61,"column":7}},"18":{"start":{"line":62,"column":6},"end":{"line":62,"column":33}},"19":{"start":{"line":63,"column":6},"end":{"line":63,"column":26}},"20":{"start":{"line":67,"column":4},"end":{"line":67,"column":61}},"21":{"start":{"line":75,"column":18},"end":{"line":75,"column":73}},"22":{"start":{"line":77,"column":19},"end":{"line":77,"column":60}},"23":{"start":{"line":79,"column":4},"end":{"line":85,"column":5}},"24":{"start":{"line":80,"column":26},"end":{"line":82,"column":7}},"25":{"start":{"line":83,"column":6},"end":{"line":83,"column":33}},"26":{"start":{"line":84,"column":6},"end":{"line":84,"column":26}},"27":{"start":{"line":87,"column":4},"end":{"line":87,"column":39}},"28":{"start":{"line":92,"column":19},"end":{"line":95,"column":5}},"29":{"start":{"line":97,"column":4},"end":{"line":103,"column":5}},"30":{"start":{"line":98,"column":26},"end":{"line":100,"column":7}},"31":{"start":{"line":101,"column":6},"end":{"line":101,"column":33}},"32":{"start":{"line":102,"column":6},"end":{"line":102,"column":26}},"33":{"start":{"line":105,"column":4},"end":{"line":105,"column":45}},"34":{"start":{"line":109,"column":0},"end":{"line":109,"column":25}}},"fnMap":{"0":{"name":"(anonymous_0)","decl":{"start":{"line":5,"column":2},"end":{"line":5,"column":3}},"loc":{"start":{"line":5,"column":73},"end":{"line":28,"column":3}},"line":5},"1":{"name":"(anonymous_1)","decl":{"start":{"line":31,"column":2},"end":{"line":31,"column":3}},"loc":{"start":{"line":31,"column":35},"end":{"line":40,"column":3}},"line":31},"2":{"name":"(anonymous_2)","decl":{"start":{"line":43,"column":2},"end":{"line":43,"column":3}},"loc":{"start":{"line":43,"column":27},"end":{"line":69,"column":3}},"line":43},"3":{"name":"(anonymous_3)","decl":{"start":{"line":74,"column":2},"end":{"line":74,"column":3}},"loc":{"start":{"line":74,"column":41},"end":{"line":88,"column":3}},"line":74},"4":{"name":"(anonymous_4)","decl":{"start":{"line":91,"column":2},"end":{"line":91,"column":3}},"loc":{"start":{"line":91,"column":30},"end":{"line":106,"column":3}},"line":91}},"branchMap":{"0":{"loc":{"start":{"line":7,"column":4},"end":{"line":11,"column":5}},"type":"if","locations":[{"start":{"line":7,"column":4},"end":{"line":11,"column":5}},{"start":{"line":7,"column":4},"end":{"line":11,"column":5}}],"line":7},"1":{"loc":{"start":{"line":13,"column":20},"end":{"line":13,"column":68}},"type":"cond-expr","locations":[{"start":{"line":13,"column":50},"end":{"line":13,"column":51}},{"start":{"line":13,"column":54},"end":{"line":13,"column":68}}],"line":13},"2":{"loc":{"start":{"line":14,"column":20},"end":{"line":14,"column":77}},"type":"cond-expr","locations":[{"start":{"line":14,"column":50},"end":{"line":14,"column":60}},{"start":{"line":14,"column":63},"end":{"line":14,"column":77}}],"line":14},"3":{"loc":{"start":{"line":15,"column":13},"end":{"line":15,"column":56}},"type":"cond-expr","locations":[{"start":{"line":15,"column":36},"end":{"line":15,"column":40}},{"start":{"line":15,"column":43},"end":{"line":15,"column":56}}],"line":15},"4":{"loc":{"start":{"line":58,"column":4},"end":{"line":64,"column":5}},"type":"if","locations":[{"start":{"line":58,"column":4},"end":{"line":64,"column":5}},{"start":{"line":58,"column":4},"end":{"line":64,"column":5}}],"line":58},"5":{"loc":{"start":{"line":79,"column":4},"end":{"line":85,"column":5}},"type":"if","locations":[{"start":{"line":79,"column":4},"end":{"line":85,"column":5}},{"start":{"line":79,"column":4},"end":{"line":85,"column":5}}],"line":79},"6":{"loc":{"start":{"line":97,"column":4},"end":{"line":103,"column":5}},"type":"if","locations":[{"start":{"line":97,"column":4},"end":{"line":103,"column":5}},{"start":{"line":97,"column":4},"end":{"line":103,"column":5}}],"line":97}},"s":{"0":1,"1":1,"2":0,"3":0,"4":0,"5":0,"6":0,"7":0,"8":0,"9":0,"10":0,"11":0,"12":0,"13":0,"14":0,"15":0,"16":0,"17":0,"18":0,"19":0,"20":0,"21":0,"22":0,"23":0,"24":0,"25":0,"26":0,"27":0,"28":0,"29":0,"30":0,"31":0,"32":0,"33":0,"34":1},"f":{"0":0,"1":0,"2":0,"3":0,"4":0},"b":{"0":[0,0],"1":[0,0],"2":[0,0],"3":[0,0],"4":[0,0],"5":[0,0],"6":[0,0]},"_coverageSchema":"332fd63041d2c1bcb487cc26dd0d5f7d97098a6c","hash":"4d22c874a85d569718a910f92858dd92e5ed4834"}
,"/Users/lindadaignault/Desktop/jubilant-pancake/models/job.js": {"path":"/Users/lindadaignault/Desktop/jubilant-pancake/models/job.js","statementMap":{"0":{"start":{"line":1,"column":11},"end":{"line":1,"column":27}},"1":{"start":{"line":2,"column":22},"end":{"line":2,"column":57}},"2":{"start":{"line":11,"column":4},"end":{"line":11,"column":60}},"3":{"start":{"line":12,"column":4},"end":{"line":12,"column":60}},"4":{"start":{"line":13,"column":4},"end":{"line":13,"column":57}},"5":{"start":{"line":15,"column":19},"end":{"line":25,"column":5}},"6":{"start":{"line":27,"column":4},"end":{"line":27,"column":33}},"7":{"start":{"line":34,"column":19},"end":{"line":39,"column":5}},"8":{"start":{"line":41,"column":4},"end":{"line":41,"column":35}},"9":{"start":{"line":48,"column":19},"end":{"line":53,"column":5}},"10":{"start":{"line":55,"column":4},"end":{"line":61,"column":5}},"11":{"start":{"line":56,"column":26},"end":{"line":58,"column":7}},"12":{"start":{"line":59,"column":6},"end":{"line":59,"column":33}},"13":{"start":{"line":60,"column":6},"end":{"line":60,"column":26}},"14":{"start":{"line":63,"column":4},"end":{"line":63,"column":26}},"15":{"start":{"line":71,"column":18},"end":{"line":71,"column":60}},"16":{"start":{"line":73,"column":19},"end":{"line":73,"column":60}},"17":{"start":{"line":75,"column":4},"end":{"line":81,"column":5}},"18":{"start":{"line":76,"column":26},"end":{"line":78,"column":7}},"19":{"start":{"line":79,"column":6},"end":{"line":79,"column":33}},"20":{"start":{"line":80,"column":6},"end":{"line":80,"column":26}},"21":{"start":{"line":83,"column":4},"end":{"line":83,"column":35}},"22":{"start":{"line":88,"column":19},"end":{"line":91,"column":5}},"23":{"start":{"line":93,"column":4},"end":{"line":99,"column":5}},"24":{"start":{"line":94,"column":26},"end":{"line":96,"column":7}},"25":{"start":{"line":97,"column":6},"end":{"line":97,"column":33}},"26":{"start":{"line":98,"column":6},"end":{"line":98,"column":26}},"27":{"start":{"line":101,"column":4},"end":{"line":101,"column":41}},"28":{"start":{"line":107,"column":0},"end":{"line":107,"column":21}}},"fnMap":{"0":{"name":"(anonymous_0)","decl":{"start":{"line":9,"column":2},"end":{"line":9,"column":3}},"loc":{"start":{"line":9,"column":66},"end":{"line":28,"column":3}},"line":9},"1":{"name":"(anonymous_1)","decl":{"start":{"line":33,"column":2},"end":{"line":33,"column":3}},"loc":{"start":{"line":33,"column":65},"end":{"line":42,"column":3}},"line":33},"2":{"name":"(anonymous_2)","decl":{"start":{"line":47,"column":2},"end":{"line":47,"column":3}},"loc":{"start":{"line":47,"column":23},"end":{"line":65,"column":3}},"line":47},"3":{"name":"(anonymous_3)","decl":{"start":{"line":70,"column":2},"end":{"line":70,"column":3}},"loc":{"start":{"line":70,"column":37},"end":{"line":84,"column":3}},"line":70},"4":{"name":"(anonymous_4)","decl":{"start":{"line":87,"column":2},"end":{"line":87,"column":3}},"loc":{"start":{"line":87,"column":26},"end":{"line":102,"column":3}},"line":87}},"branchMap":{"0":{"loc":{"start":{"line":11,"column":17},"end":{"line":11,"column":59}},"type":"cond-expr","locations":[{"start":{"line":11,"column":44},"end":{"line":11,"column":45}},{"start":{"line":11,"column":48},"end":{"line":11,"column":59}}],"line":11},"1":{"loc":{"start":{"line":12,"column":17},"end":{"line":12,"column":59}},"type":"cond-expr","locations":[{"start":{"line":12,"column":44},"end":{"line":12,"column":45}},{"start":{"line":12,"column":48},"end":{"line":12,"column":59}}],"line":12},"2":{"loc":{"start":{"line":13,"column":13},"end":{"line":13,"column":56}},"type":"cond-expr","locations":[{"start":{"line":13,"column":36},"end":{"line":13,"column":40}},{"start":{"line":13,"column":43},"end":{"line":13,"column":56}}],"line":13},"3":{"loc":{"start":{"line":55,"column":4},"end":{"line":61,"column":5}},"type":"if","locations":[{"start":{"line":55,"column":4},"end":{"line":61,"column":5}},{"start":{"line":55,"column":4},"end":{"line":61,"column":5}}],"line":55},"4":{"loc":{"start":{"line":75,"column":4},"end":{"line":81,"column":5}},"type":"if","locations":[{"start":{"line":75,"column":4},"end":{"line":81,"column":5}},{"start":{"line":75,"column":4},"end":{"line":81,"column":5}}],"line":75},"5":{"loc":{"start":{"line":93,"column":4},"end":{"line":99,"column":5}},"type":"if","locations":[{"start":{"line":93,"column":4},"end":{"line":99,"column":5}},{"start":{"line":93,"column":4},"end":{"line":99,"column":5}}],"line":93}},"s":{"0":1,"1":1,"2":0,"3":0,"4":0,"5":0,"6":0,"7":0,"8":0,"9":0,"10":0,"11":0,"12":0,"13":0,"14":0,"15":0,"16":0,"17":0,"18":0,"19":0,"20":0,"21":0,"22":0,"23":0,"24":0,"25":0,"26":0,"27":0,"28":1},"f":{"0":0,"1":0,"2":0,"3":0,"4":0},"b":{"0":[0,0],"1":[0,0],"2":[0,0],"3":[0,0],"4":[0,0],"5":[0,0]},"_coverageSchema":"332fd63041d2c1bcb487cc26dd0d5f7d97098a6c","hash":"a51d3ea7c7cc2dfea614494dcd04a9aaef4f4640"}
,"/Users/lindadaignault/Desktop/jubilant-pancake/models/user.js": {"path":"/Users/lindadaignault/Desktop/jubilant-pancake/models/user.js","statementMap":{"0":{"start":{"line":1,"column":11},"end":{"line":1,"column":27}},"1":{"start":{"line":2,"column":15},"end":{"line":2,"column":32}},"2":{"start":{"line":3,"column":22},"end":{"line":3,"column":57}},"3":{"start":{"line":13,"column":4},"end":{"line":13,"column":57}},"4":{"start":{"line":15,"column":27},"end":{"line":15,"column":58}},"5":{"start":{"line":16,"column":20},"end":{"line":21,"column":5}},"6":{"start":{"line":22,"column":4},"end":{"line":22,"column":47}},"7":{"start":{"line":23,"column":4},"end":{"line":23,"column":27}},"8":{"start":{"line":29,"column":21},"end":{"line":32,"column":5}},"9":{"start":{"line":33,"column":4},"end":{"line":33,"column":25}},"10":{"start":{"line":39,"column":20},"end":{"line":44,"column":5}},"11":{"start":{"line":46,"column":4},"end":{"line":52,"column":5}},"12":{"start":{"line":47,"column":26},"end":{"line":49,"column":7}},"13":{"start":{"line":50,"column":6},"end":{"line":50,"column":33}},"14":{"start":{"line":51,"column":6},"end":{"line":51,"column":26}},"15":{"start":{"line":54,"column":4},"end":{"line":54,"column":27}},"16":{"start":{"line":61,"column":18},"end":{"line":61,"column":73}},"17":{"start":{"line":62,"column":20},"end":{"line":62,"column":61}},"18":{"start":{"line":64,"column":4},"end":{"line":64,"column":30}},"19":{"start":{"line":65,"column":4},"end":{"line":71,"column":5}},"20":{"start":{"line":66,"column":26},"end":{"line":68,"column":7}},"21":{"start":{"line":69,"column":6},"end":{"line":69,"column":33}},"22":{"start":{"line":70,"column":6},"end":{"line":70,"column":26}},"23":{"start":{"line":73,"column":4},"end":{"line":73,"column":27}},"24":{"start":{"line":80,"column":22},"end":{"line":83,"column":5}},"25":{"start":{"line":85,"column":4},"end":{"line":91,"column":5}},"26":{"start":{"line":86,"column":26},"end":{"line":88,"column":7}},"27":{"start":{"line":89,"column":6},"end":{"line":89,"column":33}},"28":{"start":{"line":90,"column":6},"end":{"line":90,"column":26}},"29":{"start":{"line":93,"column":4},"end":{"line":93,"column":16}},"30":{"start":{"line":98,"column":0},"end":{"line":98,"column":22}}},"fnMap":{"0":{"name":"(anonymous_0)","decl":{"start":{"line":10,"column":2},"end":{"line":10,"column":3}},"loc":{"start":{"line":10,"column":97},"end":{"line":24,"column":3}},"line":10},"1":{"name":"(anonymous_1)","decl":{"start":{"line":28,"column":2},"end":{"line":28,"column":3}},"loc":{"start":{"line":28,"column":24},"end":{"line":34,"column":3}},"line":28},"2":{"name":"(anonymous_2)","decl":{"start":{"line":38,"column":2},"end":{"line":38,"column":3}},"loc":{"start":{"line":38,"column":29},"end":{"line":55,"column":3}},"line":38},"3":{"name":"(anonymous_3)","decl":{"start":{"line":60,"column":2},"end":{"line":60,"column":3}},"loc":{"start":{"line":60,"column":43},"end":{"line":74,"column":3}},"line":60},"4":{"name":"(anonymous_4)","decl":{"start":{"line":79,"column":2},"end":{"line":79,"column":3}},"loc":{"start":{"line":79,"column":32},"end":{"line":94,"column":3}},"line":79}},"branchMap":{"0":{"loc":{"start":{"line":13,"column":15},"end":{"line":13,"column":56}},"type":"cond-expr","locations":[{"start":{"line":13,"column":40},"end":{"line":13,"column":45}},{"start":{"line":13,"column":48},"end":{"line":13,"column":56}}],"line":13},"1":{"loc":{"start":{"line":46,"column":4},"end":{"line":52,"column":5}},"type":"if","locations":[{"start":{"line":46,"column":4},"end":{"line":52,"column":5}},{"start":{"line":46,"column":4},"end":{"line":52,"column":5}}],"line":46},"2":{"loc":{"start":{"line":65,"column":4},"end":{"line":71,"column":5}},"type":"if","locations":[{"start":{"line":65,"column":4},"end":{"line":71,"column":5}},{"start":{"line":65,"column":4},"end":{"line":71,"column":5}}],"line":65},"3":{"loc":{"start":{"line":85,"column":4},"end":{"line":91,"column":5}},"type":"if","locations":[{"start":{"line":85,"column":4},"end":{"line":91,"column":5}},{"start":{"line":85,"column":4},"end":{"line":91,"column":5}}],"line":85}},"s":{"0":1,"1":1,"2":1,"3":1,"4":1,"5":1,"6":1,"7":1,"8":1,"9":1,"10":2,"11":2,"12":1,"13":1,"14":1,"15":1,"16":2,"17":2,"18":2,"19":2,"20":1,"21":1,"22":1,"23":1,"24":2,"25":2,"26":1,"27":1,"28":1,"29":1,"30":1},"f":{"0":1,"1":1,"2":2,"3":2,"4":2},"b":{"0":[1,0],"1":[1,1],"2":[1,1],"3":[1,1]},"_coverageSchema":"332fd63041d2c1bcb487cc26dd0d5f7d97098a6c","hash":"4e6c4fc2611407228e3a75bf92e5b1a57f5436bf"}
,"/Users/lindadaignault/Desktop/jubilant-pancake/routes/companies.js": {"path":"/Users/lindadaignault/Desktop/jubilant-pancake/routes/companies.js","statementMap":{"0":{"start":{"line":1,"column":16},"end":{"line":1,"column":34}},"1":{"start":{"line":2,"column":15},"end":{"line":2,"column":35}},"2":{"start":{"line":3,"column":26},"end":{"line":3,"column":64}},"3":{"start":{"line":4,"column":27},"end":{"line":4,"column":66}},"4":{"start":{"line":5,"column":16},"end":{"line":5,"column":47}},"5":{"start":{"line":6,"column":27},"end":{"line":6,"column":67}},"6":{"start":{"line":10,"column":0},"end":{"line":24,"column":3}},"7":{"start":{"line":11,"column":2},"end":{"line":23,"column":3}},"8":{"start":{"line":12,"column":53},"end":{"line":12,"column":62}},"9":{"start":{"line":14,"column":19},"end":{"line":18,"column":5}},"10":{"start":{"line":20,"column":4},"end":{"line":20,"column":28}},"11":{"start":{"line":22,"column":4},"end":{"line":22,"column":21}},"12":{"start":{"line":26,"column":0},"end":{"line":35,"column":3}},"13":{"start":{"line":27,"column":2},"end":{"line":34,"column":3}},"14":{"start":{"line":28,"column":19},"end":{"line":28,"column":36}},"15":{"start":{"line":29,"column":19},"end":{"line":29,"column":44}},"16":{"start":{"line":31,"column":4},"end":{"line":31,"column":28}},"17":{"start":{"line":33,"column":4},"end":{"line":33,"column":21}},"18":{"start":{"line":39,"column":0},"end":{"line":46,"column":3}},"19":{"start":{"line":40,"column":2},"end":{"line":45,"column":3}},"20":{"start":{"line":41,"column":19},"end":{"line":41,"column":49}},"21":{"start":{"line":42,"column":4},"end":{"line":42,"column":28}},"22":{"start":{"line":44,"column":4},"end":{"line":44,"column":21}},"23":{"start":{"line":50,"column":0},"end":{"line":57,"column":3}},"24":{"start":{"line":51,"column":2},"end":{"line":56,"column":3}},"25":{"start":{"line":52,"column":19},"end":{"line":52,"column":68}},"26":{"start":{"line":53,"column":4},"end":{"line":53,"column":28}},"27":{"start":{"line":55,"column":4},"end":{"line":55,"column":21}},"28":{"start":{"line":61,"column":0},"end":{"line":69,"column":3}},"29":{"start":{"line":62,"column":2},"end":{"line":68,"column":3}},"30":{"start":{"line":63,"column":19},"end":{"line":63,"column":58}},"31":{"start":{"line":65,"column":4},"end":{"line":65,"column":28}},"32":{"start":{"line":67,"column":4},"end":{"line":67,"column":21}},"33":{"start":{"line":73,"column":0},"end":{"line":73,"column":24}}},"fnMap":{"0":{"name":"(anonymous_0)","decl":{"start":{"line":10,"column":16},"end":{"line":10,"column":17}},"loc":{"start":{"line":10,"column":48},"end":{"line":24,"column":1}},"line":10},"1":{"name":"(anonymous_1)","decl":{"start":{"line":26,"column":23},"end":{"line":26,"column":24}},"loc":{"start":{"line":26,"column":55},"end":{"line":35,"column":1}},"line":26},"2":{"name":"(anonymous_2)","decl":{"start":{"line":39,"column":56},"end":{"line":39,"column":57}},"loc":{"start":{"line":39,"column":88},"end":{"line":46,"column":1}},"line":39},"3":{"name":"(anonymous_3)","decl":{"start":{"line":50,"column":65},"end":{"line":50,"column":66}},"loc":{"start":{"line":50,"column":97},"end":{"line":57,"column":1}},"line":50},"4":{"name":"(anonymous_4)","decl":{"start":{"line":61,"column":26},"end":{"line":61,"column":27}},"loc":{"start":{"line":61,"column":58},"end":{"line":69,"column":1}},"line":61}},"branchMap":{},"s":{"0":1,"1":1,"2":1,"3":1,"4":1,"5":1,"6":1,"7":0,"8":0,"9":0,"10":0,"11":0,"12":1,"13":0,"14":0,"15":0,"16":0,"17":0,"18":1,"19":0,"20":0,"21":0,"22":0,"23":1,"24":0,"25":0,"26":0,"27":0,"28":1,"29":0,"30":0,"31":0,"32":0,"33":1},"f":{"0":0,"1":0,"2":0,"3":0,"4":0},"b":{},"_coverageSchema":"332fd63041d2c1bcb487cc26dd0d5f7d97098a6c","hash":"2ea04189c7861be1a17e9442ae039d24bb47cf63"}
,"/Users/lindadaignault/Desktop/jubilant-pancake/routes/jobs.js": {"path":"/Users/lindadaignault/Desktop/jubilant-pancake/routes/jobs.js","statementMap":{"0":{"start":{"line":1,"column":16},"end":{"line":1,"column":34}},"1":{"start":{"line":2,"column":15},"end":{"line":2,"column":35}},"2":{"start":{"line":3,"column":22},"end":{"line":3,"column":56}},"3":{"start":{"line":4,"column":23},"end":{"line":4,"column":58}},"4":{"start":{"line":5,"column":12},"end":{"line":5,"column":39}},"5":{"start":{"line":6,"column":27},"end":{"line":6,"column":67}},"6":{"start":{"line":11,"column":0},"end":{"line":18,"column":3}},"7":{"start":{"line":12,"column":2},"end":{"line":17,"column":3}},"8":{"start":{"line":13,"column":19},"end":{"line":13,"column":54}},"9":{"start":{"line":14,"column":4},"end":{"line":14,"column":28}},"10":{"start":{"line":16,"column":4},"end":{"line":16,"column":21}},"11":{"start":{"line":22,"column":0},"end":{"line":29,"column":3}},"12":{"start":{"line":23,"column":2},"end":{"line":28,"column":3}},"13":{"start":{"line":24,"column":16},"end":{"line":24,"column":44}},"14":{"start":{"line":25,"column":4},"end":{"line":25,"column":29}},"15":{"start":{"line":27,"column":4},"end":{"line":27,"column":21}},"16":{"start":{"line":33,"column":0},"end":{"line":40,"column":3}},"17":{"start":{"line":34,"column":2},"end":{"line":39,"column":3}},"18":{"start":{"line":35,"column":19},"end":{"line":35,"column":45}},"19":{"start":{"line":36,"column":4},"end":{"line":36,"column":28}},"20":{"start":{"line":38,"column":4},"end":{"line":38,"column":21}},"21":{"start":{"line":44,"column":0},"end":{"line":51,"column":3}},"22":{"start":{"line":45,"column":2},"end":{"line":50,"column":3}},"23":{"start":{"line":46,"column":19},"end":{"line":46,"column":60}},"24":{"start":{"line":47,"column":4},"end":{"line":47,"column":28}},"25":{"start":{"line":49,"column":4},"end":{"line":49,"column":21}},"26":{"start":{"line":55,"column":0},"end":{"line":62,"column":3}},"27":{"start":{"line":56,"column":2},"end":{"line":61,"column":3}},"28":{"start":{"line":57,"column":19},"end":{"line":57,"column":50}},"29":{"start":{"line":58,"column":4},"end":{"line":58,"column":28}},"30":{"start":{"line":60,"column":4},"end":{"line":60,"column":21}},"31":{"start":{"line":65,"column":0},"end":{"line":65,"column":24}}},"fnMap":{"0":{"name":"(anonymous_0)","decl":{"start":{"line":11,"column":16},"end":{"line":11,"column":17}},"loc":{"start":{"line":11,"column":48},"end":{"line":18,"column":1}},"line":11},"1":{"name":"(anonymous_1)","decl":{"start":{"line":22,"column":19},"end":{"line":22,"column":20}},"loc":{"start":{"line":22,"column":51},"end":{"line":29,"column":1}},"line":22},"2":{"name":"(anonymous_2)","decl":{"start":{"line":33,"column":52},"end":{"line":33,"column":53}},"loc":{"start":{"line":33,"column":84},"end":{"line":40,"column":1}},"line":33},"3":{"name":"(anonymous_3)","decl":{"start":{"line":44,"column":57},"end":{"line":44,"column":58}},"loc":{"start":{"line":44,"column":89},"end":{"line":51,"column":1}},"line":44},"4":{"name":"(anonymous_4)","decl":{"start":{"line":55,"column":22},"end":{"line":55,"column":23}},"loc":{"start":{"line":55,"column":54},"end":{"line":62,"column":1}},"line":55}},"branchMap":{},"s":{"0":1,"1":1,"2":1,"3":1,"4":1,"5":1,"6":1,"7":0,"8":0,"9":0,"10":0,"11":1,"12":0,"13":0,"14":0,"15":0,"16":1,"17":0,"18":0,"19":0,"20":0,"21":1,"22":0,"23":0,"24":0,"25":0,"26":1,"27":0,"28":0,"29":0,"30":0,"31":1},"f":{"0":0,"1":0,"2":0,"3":0,"4":0},"b":{},"_coverageSchema":"332fd63041d2c1bcb487cc26dd0d5f7d97098a6c","hash":"83a3b5578e3a58927a0014524b8d87ad2435ee87"}
,"/Users/lindadaignault/Desktop/jubilant-pancake/routes/users.js": {"path":"/Users/lindadaignault/Desktop/jubilant-pancake/routes/users.js","statementMap":{"0":{"start":{"line":1,"column":16},"end":{"line":1,"column":34}},"1":{"start":{"line":2,"column":15},"end":{"line":2,"column":35}},"2":{"start":{"line":3,"column":23},"end":{"line":3,"column":58}},"3":{"start":{"line":4,"column":24},"end":{"line":4,"column":60}},"4":{"start":{"line":5,"column":13},"end":{"line":5,"column":41}},"5":{"start":{"line":6,"column":27},"end":{"line":6,"column":67}},"6":{"start":{"line":11,"column":0},"end":{"line":18,"column":3}},"7":{"start":{"line":12,"column":2},"end":{"line":17,"column":3}},"8":{"start":{"line":13,"column":18},"end":{"line":13,"column":37}},"9":{"start":{"line":14,"column":4},"end":{"line":14,"column":31}},"10":{"start":{"line":16,"column":4},"end":{"line":16,"column":21}},"11":{"start":{"line":22,"column":0},"end":{"line":29,"column":3}},"12":{"start":{"line":23,"column":2},"end":{"line":28,"column":3}},"13":{"start":{"line":24,"column":17},"end":{"line":24,"column":52}},"14":{"start":{"line":25,"column":4},"end":{"line":25,"column":30}},"15":{"start":{"line":27,"column":4},"end":{"line":27,"column":21}},"16":{"start":{"line":33,"column":0},"end":{"line":40,"column":3}},"17":{"start":{"line":34,"column":2},"end":{"line":39,"column":3}},"18":{"start":{"line":35,"column":17},"end":{"line":35,"column":44}},"19":{"start":{"line":36,"column":4},"end":{"line":36,"column":30}},"20":{"start":{"line":38,"column":4},"end":{"line":38,"column":21}},"21":{"start":{"line":44,"column":0},"end":{"line":51,"column":3}},"22":{"start":{"line":45,"column":2},"end":{"line":50,"column":3}},"23":{"start":{"line":46,"column":17},"end":{"line":46,"column":65}},"24":{"start":{"line":47,"column":4},"end":{"line":47,"column":30}},"25":{"start":{"line":49,"column":4},"end":{"line":49,"column":21}},"26":{"start":{"line":55,"column":0},"end":{"line":64,"column":3}},"27":{"start":{"line":56,"column":2},"end":{"line":63,"column":3}},"28":{"start":{"line":59,"column":4},"end":{"line":59,"column":43}},"29":{"start":{"line":60,"column":4},"end":{"line":60,"column":52}},"30":{"start":{"line":62,"column":4},"end":{"line":62,"column":21}},"31":{"start":{"line":70,"column":0},"end":{"line":70,"column":24}}},"fnMap":{"0":{"name":"(anonymous_0)","decl":{"start":{"line":11,"column":16},"end":{"line":11,"column":17}},"loc":{"start":{"line":11,"column":48},"end":{"line":18,"column":1}},"line":11},"1":{"name":"(anonymous_1)","decl":{"start":{"line":22,"column":25},"end":{"line":22,"column":26}},"loc":{"start":{"line":22,"column":57},"end":{"line":29,"column":1}},"line":22},"2":{"name":"(anonymous_2)","decl":{"start":{"line":33,"column":53},"end":{"line":33,"column":54}},"loc":{"start":{"line":33,"column":85},"end":{"line":40,"column":1}},"line":33},"3":{"name":"(anonymous_3)","decl":{"start":{"line":44,"column":64},"end":{"line":44,"column":65}},"loc":{"start":{"line":44,"column":96},"end":{"line":51,"column":1}},"line":44},"4":{"name":"(anonymous_4)","decl":{"start":{"line":55,"column":28},"end":{"line":55,"column":29}},"loc":{"start":{"line":55,"column":60},"end":{"line":64,"column":1}},"line":55}},"branchMap":{},"s":{"0":1,"1":1,"2":1,"3":1,"4":1,"5":1,"6":1,"7":1,"8":1,"9":1,"10":0,"11":1,"12":2,"13":2,"14":1,"15":1,"16":1,"17":1,"18":1,"19":1,"20":0,"21":1,"22":2,"23":2,"24":1,"25":1,"26":1,"27":2,"28":2,"29":1,"30":1,"31":1},"f":{"0":1,"1":2,"2":1,"3":2,"4":2},"b":{},"_coverageSchema":"332fd63041d2c1bcb487cc26dd0d5f7d97098a6c","hash":"da577ad354ad2fd5e13de009598e2efeaf19a4ea"}
}
