TN:
SF:/Users/lindadaignault/Desktop/jubilant-pancake/app.js
FN:24,(anonymous_0)
FN:34,(anonymous_1)
FNF:2
FNH:1
FNDA:0,(anonymous_0)
FNDA:4,(anonymous_1)
DA:3,1
DA:4,1
DA:5,1
DA:9,1
DA:10,1
DA:12,1
DA:13,1
DA:14,1
DA:17,1
DA:18,1
DA:19,1
DA:24,1
DA:25,0
DA:26,0
DA:29,0
DA:34,1
DA:35,4
DA:37,4
DA:43,1
LF:19
LH:16
BRDA:35,0,0,4
BRDA:35,0,1,1
BRF:2
BRH:2
end_of_record
TN:
SF:/Users/lindadaignault/Desktop/jubilant-pancake/config.js
FNF:0
FNH:0
DA:3,1
DA:5,1
DA:7,1
DA:17,1
DA:18,1
DA:20,0
DA:23,1
LF:7
LH:6
BRDA:5,0,0,1
BRDA:5,0,1,1
BRDA:7,1,0,1
BRDA:7,1,1,1
BRDA:17,2,0,1
BRDA:17,2,1,0
BRDA:20,3,0,0
BRDA:20,3,1,0
BRF:8
BRH:5
end_of_record
TN:
SF:/Users/lindadaignault/Desktop/jubilant-pancake/db.js
FNF:0
FNH:0
DA:4,1
DA:5,1
DA:7,1
DA:11,1
DA:14,1
LF:5
LH:5
BRF:0
BRH:0
end_of_record
TN:
SF:/Users/lindadaignault/Desktop/jubilant-pancake/helpers/partialUpdate.js
FN:20,sqlForPartialUpdate
FNF:1
FNH:1
FNDA:2,sqlForPartialUpdate
DA:25,2
DA:26,2
DA:29,2
DA:30,2
DA:31,0
DA:35,2
DA:36,2
DA:37,2
DA:41,2
DA:42,2
DA:44,2
DA:45,2
DA:47,2
DA:50,1
LF:14
LH:13
BRDA:30,0,0,0
BRDA:30,0,1,2
BRF:2
BRH:1
end_of_record
TN:
SF:/Users/lindadaignault/Desktop/jubilant-pancake/helpers/validateJsonSchema.js
FN:3,validateJsonSchema
FN:4,(anonymous_1)
FN:8,(anonymous_2)
FNF:3
FNH:3
FNDA:6,validateJsonSchema
FNDA:4,(anonymous_1)
FNDA:1,(anonymous_2)
DA:1,1
DA:4,6
DA:5,4
DA:7,4
DA:8,1
DA:11,3
DA:15,1
LF:7
LH:7
BRDA:7,0,0,1
BRDA:7,0,1,3
BRF:2
BRH:2
end_of_record
TN:
SF:/Users/lindadaignault/Desktop/jubilant-pancake/models/company.js
FN:5,(anonymous_0)
FN:31,(anonymous_1)
FN:43,(anonymous_2)
FN:74,(anonymous_3)
FN:91,(anonymous_4)
FNF:5
FNH:0
FNDA:0,(anonymous_0)
FNDA:0,(anonymous_1)
FNDA:0,(anonymous_2)
FNDA:0,(anonymous_3)
FNDA:0,(anonymous_4)
DA:1,1
DA:2,1
DA:7,0
DA:8,0
DA:9,0
DA:10,0
DA:13,0
DA:14,0
DA:15,0
DA:17,0
DA:27,0
DA:32,0
DA:34,0
DA:39,0
DA:44,0
DA:51,0
DA:58,0
DA:59,0
DA:62,0
DA:63,0
DA:67,0
DA:75,0
DA:77,0
DA:79,0
DA:80,0
DA:83,0
DA:84,0
DA:87,0
DA:92,0
DA:97,0
DA:98,0
DA:101,0
DA:102,0
DA:105,0
DA:109,1
LF:35
LH:3
BRDA:7,0,0,0
BRDA:7,0,1,0
BRDA:13,1,0,0
BRDA:13,1,1,0
BRDA:14,2,0,0
BRDA:14,2,1,0
BRDA:15,3,0,0
BRDA:15,3,1,0
BRDA:58,4,0,0
BRDA:58,4,1,0
BRDA:79,5,0,0
BRDA:79,5,1,0
BRDA:97,6,0,0
BRDA:97,6,1,0
BRF:14
BRH:0
end_of_record
TN:
SF:/Users/lindadaignault/Desktop/jubilant-pancake/models/job.js
FN:9,(anonymous_0)
FN:33,(anonymous_1)
FN:47,(anonymous_2)
FN:70,(anonymous_3)
FN:87,(anonymous_4)
FNF:5
FNH:0
FNDA:0,(anonymous_0)
FNDA:0,(anonymous_1)
FNDA:0,(anonymous_2)
FNDA:0,(anonymous_3)
FNDA:0,(anonymous_4)
DA:1,1
DA:2,1
DA:11,0
DA:12,0
DA:13,0
DA:15,0
DA:27,0
DA:34,0
DA:41,0
DA:48,0
DA:55,0
DA:56,0
DA:59,0
DA:60,0
DA:63,0
DA:71,0
DA:73,0
DA:75,0
DA:76,0
DA:79,0
DA:80,0
DA:83,0
DA:88,0
DA:93,0
DA:94,0
DA:97,0
DA:98,0
DA:101,0
DA:107,1
LF:29
LH:3
BRDA:11,0,0,0
BRDA:11,0,1,0
BRDA:12,1,0,0
BRDA:12,1,1,0
BRDA:13,2,0,0
BRDA:13,2,1,0
BRDA:55,3,0,0
BRDA:55,3,1,0
BRDA:75,4,0,0
BRDA:75,4,1,0
BRDA:93,5,0,0
BRDA:93,5,1,0
BRF:12
BRH:0
end_of_record
TN:
SF:/Users/lindadaignault/Desktop/jubilant-pancake/models/user.js
FN:10,(anonymous_0)
FN:28,(anonymous_1)
FN:38,(anonymous_2)
FN:60,(anonymous_3)
FN:79,(anonymous_4)
FNF:5
FNH:5
FNDA:1,(anonymous_0)
FNDA:1,(anonymous_1)
FNDA:2,(anonymous_2)
FNDA:2,(anonymous_3)
FNDA:2,(anonymous_4)
DA:1,1
DA:2,1
DA:3,1
DA:13,1
DA:15,1
DA:16,1
DA:22,1
DA:23,1
DA:29,1
DA:33,1
DA:39,2
DA:46,2
DA:47,1
DA:50,1
DA:51,1
DA:54,1
DA:61,2
DA:62,2
DA:64,2
DA:65,2
DA:66,1
DA:69,1
DA:70,1
DA:73,1
DA:80,2
DA:85,2
DA:86,1
DA:89,1
DA:90,1
DA:93,1
DA:98,1
LF:31
LH:31
BRDA:13,0,0,1
BRDA:13,0,1,0
BRDA:46,1,0,1
BRDA:46,1,1,1
BRDA:65,2,0,1
BRDA:65,2,1,1
BRDA:85,3,0,1
BRDA:85,3,1,1
BRF:8
BRH:7
end_of_record
TN:
SF:/Users/lindadaignault/Desktop/jubilant-pancake/routes/companies.js
FN:10,(anonymous_0)
FN:26,(anonymous_1)
FN:39,(anonymous_2)
FN:50,(anonymous_3)
FN:61,(anonymous_4)
FNF:5
FNH:0
FNDA:0,(anonymous_0)
FNDA:0,(anonymous_1)
FNDA:0,(anonymous_2)
FNDA:0,(anonymous_3)
FNDA:0,(anonymous_4)
DA:1,1
DA:2,1
DA:3,1
DA:4,1
DA:5,1
DA:6,1
DA:10,1
DA:11,0
DA:12,0
DA:14,0
DA:20,0
DA:22,0
DA:26,1
DA:27,0
DA:28,0
DA:29,0
DA:31,0
DA:33,0
DA:39,1
DA:40,0
DA:41,0
DA:42,0
DA:44,0
DA:50,1
DA:51,0
DA:52,0
DA:53,0
DA:55,0
DA:61,1
DA:62,0
DA:63,0
DA:65,0
DA:67,0
DA:73,1
LF:34
LH:12
BRF:0
BRH:0
end_of_record
TN:
SF:/Users/lindadaignault/Desktop/jubilant-pancake/routes/jobs.js
FN:11,(anonymous_0)
FN:22,(anonymous_1)
FN:33,(anonymous_2)
FN:44,(anonymous_3)
FN:55,(anonymous_4)
FNF:5
FNH:0
FNDA:0,(anonymous_0)
FNDA:0,(anonymous_1)
FNDA:0,(anonymous_2)
FNDA:0,(anonymous_3)
FNDA:0,(anonymous_4)
DA:1,1
DA:2,1
DA:3,1
DA:4,1
DA:5,1
DA:6,1
DA:11,1
DA:12,0
DA:13,0
DA:14,0
DA:16,0
DA:22,1
DA:23,0
DA:24,0
DA:25,0
DA:27,0
DA:33,1
DA:34,0
DA:35,0
DA:36,0
DA:38,0
DA:44,1
DA:45,0
DA:46,0
DA:47,0
DA:49,0
DA:55,1
DA:56,0
DA:57,0
DA:58,0
DA:60,0
DA:65,1
LF:32
LH:12
BRF:0
BRH:0
end_of_record
TN:
SF:/Users/lindadaignault/Desktop/jubilant-pancake/routes/users.js
FN:11,(anonymous_0)
FN:22,(anonymous_1)
FN:33,(anonymous_2)
FN:44,(anonymous_3)
FN:55,(anonymous_4)
FNF:5
FNH:5
FNDA:1,(anonymous_0)
FNDA:2,(anonymous_1)
FNDA:1,(anonymous_2)
FNDA:2,(anonymous_3)
FNDA:2,(anonymous_4)
DA:1,1
DA:2,1
DA:3,1
DA:4,1
DA:5,1
DA:6,1
DA:11,1
DA:12,1
DA:13,1
DA:14,1
DA:16,0
DA:22,1
DA:23,2
DA:24,2
DA:25,1
DA:27,1
DA:33,1
DA:34,1
DA:35,1
DA:36,1
DA:38,0
DA:44,1
DA:45,2
DA:46,2
DA:47,1
DA:49,1
DA:55,1
DA:56,2
DA:59,2
DA:60,1
DA:62,1
DA:70,1
LF:32
LH:30
BRF:0
BRH:0
end_of_record
